c:\users\86152\desktop\3d-simulated-garden-master\3d-simulated-garden\src\gardenproject\gardenproject\debug\vc120.pdb
c:\users\86152\desktop\3d-simulated-garden-master\3d-simulated-garden\src\gardenproject\gardenproject\debug\vc120.idb
c:\users\86152\desktop\3d-simulated-garden-master\3d-simulated-garden\src\gardenproject\gardenproject\debug\changeview.obj
c:\users\86152\desktop\3d-simulated-garden-master\3d-simulated-garden\src\gardenproject\gardenproject\debug\cout.obj
c:\users\86152\desktop\3d-simulated-garden-master\3d-simulated-garden\src\gardenproject\gardenproject\debug\flower.obj
c:\users\86152\desktop\3d-simulated-garden-master\3d-simulated-garden\src\gardenproject\gardenproject\debug\gardenmain.obj
c:\users\86152\desktop\3d-simulated-garden-master\3d-simulated-garden\src\gardenproject\gardenproject\debug\background.obj
c:\users\86152\desktop\3d-simulated-garden-master\3d-simulated-garden\src\gardenproject\gardenproject\debug\keyboard.obj
c:\users\86152\desktop\3d-simulated-garden-master\3d-simulated-garden\src\gardenproject\gardenproject\debug\mouse.obj
c:\users\86152\desktop\3d-simulated-garden-master\3d-simulated-garden\src\gardenproject\gardenproject\debug\save.obj
c:\users\86152\desktop\3d-simulated-garden-master\3d-simulated-garden\src\gardenproject\gardenproject\debug\snow.obj
c:\users\86152\desktop\3d-simulated-garden-master\3d-simulated-garden\src\gardenproject\gardenproject\debug\snowground.obj
c:\users\86152\desktop\3d-simulated-garden-master\3d-simulated-garden\src\gardenproject\gardenproject\debug\tree.obj
c:\users\86152\desktop\3d-simulated-garden-master\3d-simulated-garden\src\gardenproject\debug\gardenproject.ilk
c:\users\86152\desktop\3d-simulated-garden-master\3d-simulated-garden\src\gardenproject\debug\gardenproject.exe
c:\users\86152\desktop\3d-simulated-garden-master\3d-simulated-garden\src\gardenproject\debug\gardenproject.pdb
c:\users\86152\desktop\3d-simulated-garden-master\3d-simulated-garden\src\gardenproject\gardenproject\debug\gardenproject.tlog\cl.command.1.tlog
c:\users\86152\desktop\3d-simulated-garden-master\3d-simulated-garden\src\gardenproject\gardenproject\debug\gardenproject.tlog\cl.read.1.tlog
c:\users\86152\desktop\3d-simulated-garden-master\3d-simulated-garden\src\gardenproject\gardenproject\debug\gardenproject.tlog\cl.write.1.tlog
c:\users\86152\desktop\3d-simulated-garden-master\3d-simulated-garden\src\gardenproject\gardenproject\debug\gardenproject.tlog\link.command.1.tlog
c:\users\86152\desktop\3d-simulated-garden-master\3d-simulated-garden\src\gardenproject\gardenproject\debug\gardenproject.tlog\link.read.1.tlog
c:\users\86152\desktop\3d-simulated-garden-master\3d-simulated-garden\src\gardenproject\gardenproject\debug\gardenproject.tlog\link.write.1.tlog
